Using pre-set license

 COMMAND LINE ARGUMENTS:
/Applications/Unity/Hub/Editor/2020.3.0f1/Unity.app/Contents/MacOS/Unity
-adb2
-batchMode
-noUpm
-name
AssetImportWorker0
-projectPath
/Users/jenkinsdev/Code/userwise/mobile/userwise_unity_example/UserWiseSDKExample
-logFile
Logs/AssetImportWorker0.log
-srvPort
55379
Successfully changed project path to: /Users/jenkinsdev/Code/userwise/mobile/userwise_unity_example/UserWiseSDKExample
/Users/jenkinsdev/Code/userwise/mobile/userwise_unity_example/UserWiseSDKExample
Using Asset Import Pipeline V2.
Refreshing native plugins compatible for Editor in 49.65 ms, found 2 plugins.
Preloading 0 native plugins for Editor in 0.00 ms.
Initialize engine version: 2020.3.0f1 (c7b5465681fb)
[Subsystems] Discovering subsystems at path /Applications/Unity/Hub/Editor/2020.3.0f1/Unity.app/Contents/Resources/UnitySubsystems
[Subsystems] Discovering subsystems at path /Users/jenkinsdev/Code/userwise/mobile/userwise_unity_example/UserWiseSDKExample/Assets
GfxDevice: creating device client; threaded=0
2021-04-23 16:17:16.260 Unity[27782:4789346] Color LCD preferred device: AMD Radeon Pro 555X (high power)
2021-04-23 16:17:16.260 Unity[27782:4789346] Metal devices available: 2
2021-04-23 16:17:16.261 Unity[27782:4789346] 0: AMD Radeon Pro 555X (high power)
2021-04-23 16:17:16.261 Unity[27782:4789346] 1: Intel(R) UHD Graphics 630 (low power)
2021-04-23 16:17:16.261 Unity[27782:4789346] Using device AMD Radeon Pro 555X (high power)
Initializing Metal device caps: AMD Radeon Pro 555X
Initialize mono
Mono path[0] = '/Applications/Unity/Hub/Editor/2020.3.0f1/Unity.app/Contents/Managed'
Mono path[1] = '/Applications/Unity/Hub/Editor/2020.3.0f1/Unity.app/Contents/MonoBleedingEdge/lib/mono/unityjit'
Mono config path = '/Applications/Unity/Hub/Editor/2020.3.0f1/Unity.app/Contents/MonoBleedingEdge/etc'
Using monoOptions --debugger-agent=transport=dt_socket,embedding=1,server=y,suspend=n,address=127.0.0.1:56782
Begin MonoManager ReloadAssembly
Registering precompiled unity dll's ...
Register platform support module: /Applications/Unity/Hub/Editor/2020.3.0f1/Unity.app/Contents/PlaybackEngines/MacStandaloneSupport/UnityEditor.OSXStandalone.Extensions.dll
Registered in 0.000569 seconds.
Native extension for OSXStandalone target not found
Refreshing native plugins compatible for Editor in 45.39 ms, found 2 plugins.
Preloading 0 native plugins for Editor in 0.00 ms.
Invoked RoslynAnalysisRunner static constructor.
RoslynAnalysisRunner will not be running.
RoslynAnalysisRunner has terminated.
Mono: successfully reloaded assembly
- Completed reload, in  2.974 seconds
Platform modules already initialized, skipping
Registering precompiled user dll's ...
Registered in 0.001609 seconds.
Begin MonoManager ReloadAssembly
Native extension for OSXStandalone target not found
Refreshing native plugins compatible for Editor in 44.86 ms, found 2 plugins.
Preloading 0 native plugins for Editor in 0.00 ms.
Invoked RoslynAnalysisRunner static constructor.
RoslynAnalysisRunner will not be running.
RoslynAnalysisRunner has terminated.
Mono: successfully reloaded assembly
- Completed reload, in  1.375 seconds
Platform modules already initialized, skipping
========================================================================
Worker process is ready to serve import requests
Launching external process: /Applications/Unity/Hub/Editor/2020.3.0f1/Unity.app/Contents/Tools/UnityShaderCompiler
Launched and connected shader compiler UnityShaderCompiler after 0.01 seconds
Refreshing native plugins compatible for Editor in 0.74 ms, found 2 plugins.
Preloading 0 native plugins for Editor in 0.00 ms.
Unloading 1921 Unused Serialized files (Serialized files now loaded: 0)
System memory in use before: 156.1 MB.
System memory in use after: 125.9 MB.

Unloading 68 unused Assets to reduce memory usage. Loaded Objects now: 2328.
Total: 4.459273 ms (FindLiveObjects: 0.263345 ms CreateObjectMapping: 0.152007 ms MarkObjects: 3.967456 ms  DeleteObjects: 0.075425 ms)

========================================================================
Received Import Request.
  path: Assets/Scripts/GameEventHandler.cs
  artifactKey: Guid(425bcd1998a154fdf972d7a90ce19513) Importer(815301076,1909f56bfc062723c751e8b465ee728b)
Start importing Assets/Scripts/GameEventHandler.cs using Guid(425bcd1998a154fdf972d7a90ce19513) Importer(815301076,1909f56bfc062723c751e8b465ee728b)  -> (artifact id: 'a9e54227ab935afed96b9ac7b226512d') in 0.586876 seconds
  Import took 0.590023 seconds .

========================================================================
Received Prepare
Registering precompiled user dll's ...
Registered in 0.001817 seconds.
Begin MonoManager ReloadAssembly
Native extension for OSXStandalone target not found
Refreshing native plugins compatible for Editor in 0.62 ms, found 2 plugins.
Preloading 0 native plugins for Editor in 0.00 ms.
Invoked RoslynAnalysisRunner static constructor.
RoslynAnalysisRunner will not be running.
RoslynAnalysisRunner has terminated.
Mono: successfully reloaded assembly
- Completed reload, in  1.159 seconds
Platform modules already initialized, skipping
Switching build target platform(2) subTarget(0) extendedPlatform(0) -> platform(9) subTarget(16777218) extendedPlatform(0)
Refreshing native plugins compatible for Editor in 0.71 ms, found 2 plugins.
Preloading 0 native plugins for Editor in 0.00 ms.
Unloading 1915 Unused Serialized files (Serialized files now loaded: 0)
System memory in use before: 160.4 MB.
System memory in use after: 160.5 MB.

Unloading 57 unused Assets to reduce memory usage. Loaded Objects now: 2331.
Total: 2.220961 ms (FindLiveObjects: 0.224489 ms CreateObjectMapping: 0.068837 ms MarkObjects: 1.900760 ms  DeleteObjects: 0.025944 ms)

AssetImportParameters requested are different than current active one (requested -> active):
  custom:graphics/normal-map-encoding: 01000000000000000000000000000000 -> 02000000000000000000000000000000
========================================================================
Received Import Request.
  Time since last request: 1624.797036 seconds.
  path: Assets/Scripts/GameEventHandler.cs
  artifactKey: Guid(425bcd1998a154fdf972d7a90ce19513) Importer(815301076,1909f56bfc062723c751e8b465ee728b)
Start importing Assets/Scripts/GameEventHandler.cs using Guid(425bcd1998a154fdf972d7a90ce19513) Importer(815301076,1909f56bfc062723c751e8b465ee728b)  -> (artifact id: '072871b780a2f760f663aade65cb4384') in 0.004611 seconds
  Import took 0.007701 seconds .

